<?xml version="1.0" encoding="UTF-8"?>
<!-- Generated by org.testng.reporters.JUnitXMLReporter -->
<testsuite ignored="0" hostname="LAPTOP-L9QDHUS2" failures="10" tests="10" name="Default test" time="63.572" errors="0" timestamp="2025-12-21T19:42:14 EST">
  <testcase classname="io.cucumber.testng.AbstractTestNGCucumberTests" name="runScenario" time="6.976">
    <failure type="io.cucumber.testng.UndefinedStepException" message="The step &amp;apos;User is on &amp;quot;Graph&amp;quot; page&amp;apos; and 1 other step(s) are undefined.
You can implement these steps using the snippet(s) below:

@Given(&amp;quot;User is on {string} page&amp;quot;)
public void user_is_on_page(String string) {
    // Write code here that turns the phrase above into concrete actions
    throw new io.cucumber.java.PendingException();
}
@Then(&amp;quot;User should see {string} header for Graph page&amp;quot;)
public void user_should_see_header_for_graph_page(String string) {
    // Write code here that turns the phrase above into concrete actions
    throw new io.cucumber.java.PendingException();
}
">
      <![CDATA[io.cucumber.testng.UndefinedStepException: The step 'User is on "Graph" page' and 1 other step(s) are undefined.
You can implement these steps using the snippet(s) below:

@Given("User is on {string} page")
public void user_is_on_page(String string) {
    // Write code here that turns the phrase above into concrete actions
    throw new io.cucumber.java.PendingException();
}
@Then("User should see {string} header for Graph page")
public void user_should_see_header_for_graph_page(String string) {
    // Write code here that turns the phrase above into concrete actions
    throw new io.cucumber.java.PendingException();
}

at ✽.User is on "Graph" page(file:///C:/Users/praka/Documents/vishakha_git/DsAlgo231_Cucumber/dsalgo231testers/src/test/resources/features/graph.feature:5)
]]>
    </failure>
  </testcase> <!-- runScenario -->
  <testcase classname="io.cucumber.testng.AbstractTestNGCucumberTests" name="runScenario" time="6.26">
    <failure type="io.cucumber.testng.UndefinedStepException" message="The step &amp;apos;User is on &amp;quot;Graph&amp;quot; page&amp;apos; and 1 other step(s) are undefined.
You can implement these steps using the snippet(s) below:

@Given(&amp;quot;User is on {string} page&amp;quot;)
public void user_is_on_page(String string) {
    // Write code here that turns the phrase above into concrete actions
    throw new io.cucumber.java.PendingException();
}
@Then(&amp;quot;User should see {string} having link for Graph page&amp;quot;)
public void user_should_see_having_link_for_graph_page(String string) {
    // Write code here that turns the phrase above into concrete actions
    throw new io.cucumber.java.PendingException();
}
">
      <![CDATA[io.cucumber.testng.UndefinedStepException: The step 'User is on "Graph" page' and 1 other step(s) are undefined.
You can implement these steps using the snippet(s) below:

@Given("User is on {string} page")
public void user_is_on_page(String string) {
    // Write code here that turns the phrase above into concrete actions
    throw new io.cucumber.java.PendingException();
}
@Then("User should see {string} having link for Graph page")
public void user_should_see_having_link_for_graph_page(String string) {
    // Write code here that turns the phrase above into concrete actions
    throw new io.cucumber.java.PendingException();
}

at ✽.User is on "Graph" page(file:///C:/Users/praka/Documents/vishakha_git/DsAlgo231_Cucumber/dsalgo231testers/src/test/resources/features/graph.feature:5)
]]>
    </failure>
  </testcase> <!-- runScenario -->
  <testcase classname="io.cucumber.testng.AbstractTestNGCucumberTests" name="runScenario" time="6.279">
    <failure type="io.cucumber.testng.UndefinedStepException" message="The step &amp;apos;User is on &amp;quot;Graph&amp;quot; page&amp;apos; and 1 other step(s) are undefined.
You can implement these steps using the snippet(s) below:

@Given(&amp;quot;User is on {string} page&amp;quot;)
public void user_is_on_page(String string) {
    // Write code here that turns the phrase above into concrete actions
    throw new io.cucumber.java.PendingException();
}
@Then(&amp;quot;User should see {string} link of Graph page&amp;quot;)
public void user_should_see_link_of_graph_page(String string) {
    // Write code here that turns the phrase above into concrete actions
    throw new io.cucumber.java.PendingException();
}
">
      <![CDATA[io.cucumber.testng.UndefinedStepException: The step 'User is on "Graph" page' and 1 other step(s) are undefined.
You can implement these steps using the snippet(s) below:

@Given("User is on {string} page")
public void user_is_on_page(String string) {
    // Write code here that turns the phrase above into concrete actions
    throw new io.cucumber.java.PendingException();
}
@Then("User should see {string} link of Graph page")
public void user_should_see_link_of_graph_page(String string) {
    // Write code here that turns the phrase above into concrete actions
    throw new io.cucumber.java.PendingException();
}

at ✽.User is on "Graph" page(file:///C:/Users/praka/Documents/vishakha_git/DsAlgo231_Cucumber/dsalgo231testers/src/test/resources/features/graph.feature:5)
]]>
    </failure>
  </testcase> <!-- runScenario -->
  <testcase classname="io.cucumber.testng.AbstractTestNGCucumberTests" name="runScenario" time="6.224">
    <failure type="io.cucumber.testng.UndefinedStepException" message="The step &amp;apos;User is on &amp;quot;Graph&amp;quot; page&amp;apos; and 1 other step(s) are undefined.
You can implement these steps using the snippet(s) below:

@Given(&amp;quot;User is on {string} page&amp;quot;)
public void user_is_on_page(String string) {
    // Write code here that turns the phrase above into concrete actions
    throw new io.cucumber.java.PendingException();
}
@Then(&amp;quot;User should see {string} link of Graph page&amp;quot;)
public void user_should_see_link_of_graph_page(String string) {
    // Write code here that turns the phrase above into concrete actions
    throw new io.cucumber.java.PendingException();
}
">
      <![CDATA[io.cucumber.testng.UndefinedStepException: The step 'User is on "Graph" page' and 1 other step(s) are undefined.
You can implement these steps using the snippet(s) below:

@Given("User is on {string} page")
public void user_is_on_page(String string) {
    // Write code here that turns the phrase above into concrete actions
    throw new io.cucumber.java.PendingException();
}
@Then("User should see {string} link of Graph page")
public void user_should_see_link_of_graph_page(String string) {
    // Write code here that turns the phrase above into concrete actions
    throw new io.cucumber.java.PendingException();
}

at ✽.User is on "Graph" page(file:///C:/Users/praka/Documents/vishakha_git/DsAlgo231_Cucumber/dsalgo231testers/src/test/resources/features/graph.feature:5)
]]>
    </failure>
  </testcase> <!-- runScenario -->
  <testcase classname="io.cucumber.testng.AbstractTestNGCucumberTests" name="runScenario" time="6.285">
    <failure type="io.cucumber.testng.UndefinedStepException" message="The step &amp;apos;User is on &amp;quot;Graph&amp;quot; page&amp;apos; and 2 other step(s) are undefined.
You can implement these steps using the snippet(s) below:

@Given(&amp;quot;User is on {string} page&amp;quot;)
public void user_is_on_page(String string) {
    // Write code here that turns the phrase above into concrete actions
    throw new io.cucumber.java.PendingException();
}
@When(&amp;quot;User  clicks the {string} in Graph page&amp;quot;)
public void user_clicks_the_in_graph_page(String string) {
    // Write code here that turns the phrase above into concrete actions
    throw new io.cucumber.java.PendingException();
}
@Then(&amp;quot;User should see {string} header of the respective Graph page&amp;quot;)
public void user_should_see_header_of_the_respective_graph_page(String string) {
    // Write code here that turns the phrase above into concrete actions
    throw new io.cucumber.java.PendingException();
}
">
      <![CDATA[io.cucumber.testng.UndefinedStepException: The step 'User is on "Graph" page' and 2 other step(s) are undefined.
You can implement these steps using the snippet(s) below:

@Given("User is on {string} page")
public void user_is_on_page(String string) {
    // Write code here that turns the phrase above into concrete actions
    throw new io.cucumber.java.PendingException();
}
@When("User  clicks the {string} in Graph page")
public void user_clicks_the_in_graph_page(String string) {
    // Write code here that turns the phrase above into concrete actions
    throw new io.cucumber.java.PendingException();
}
@Then("User should see {string} header of the respective Graph page")
public void user_should_see_header_of_the_respective_graph_page(String string) {
    // Write code here that turns the phrase above into concrete actions
    throw new io.cucumber.java.PendingException();
}

at ✽.User is on "Graph" page(file:///C:/Users/praka/Documents/vishakha_git/DsAlgo231_Cucumber/dsalgo231testers/src/test/resources/features/graph.feature:5)
]]>
    </failure>
  </testcase> <!-- runScenario -->
  <testcase classname="io.cucumber.testng.AbstractTestNGCucumberTests" name="runScenario" time="6.243">
    <failure type="io.cucumber.testng.UndefinedStepException" message="The step &amp;apos;User is on &amp;quot;Graph&amp;quot; page&amp;apos; and 2 other step(s) are undefined.
You can implement these steps using the snippet(s) below:

@Given(&amp;quot;User is on {string} page&amp;quot;)
public void user_is_on_page(String string) {
    // Write code here that turns the phrase above into concrete actions
    throw new io.cucumber.java.PendingException();
}
@When(&amp;quot;User  clicks the {string} in Graph page&amp;quot;)
public void user_clicks_the_in_graph_page(String string) {
    // Write code here that turns the phrase above into concrete actions
    throw new io.cucumber.java.PendingException();
}
@Then(&amp;quot;User should see {string} header of the respective Graph page&amp;quot;)
public void user_should_see_header_of_the_respective_graph_page(String string) {
    // Write code here that turns the phrase above into concrete actions
    throw new io.cucumber.java.PendingException();
}
">
      <![CDATA[io.cucumber.testng.UndefinedStepException: The step 'User is on "Graph" page' and 2 other step(s) are undefined.
You can implement these steps using the snippet(s) below:

@Given("User is on {string} page")
public void user_is_on_page(String string) {
    // Write code here that turns the phrase above into concrete actions
    throw new io.cucumber.java.PendingException();
}
@When("User  clicks the {string} in Graph page")
public void user_clicks_the_in_graph_page(String string) {
    // Write code here that turns the phrase above into concrete actions
    throw new io.cucumber.java.PendingException();
}
@Then("User should see {string} header of the respective Graph page")
public void user_should_see_header_of_the_respective_graph_page(String string) {
    // Write code here that turns the phrase above into concrete actions
    throw new io.cucumber.java.PendingException();
}

at ✽.User is on "Graph" page(file:///C:/Users/praka/Documents/vishakha_git/DsAlgo231_Cucumber/dsalgo231testers/src/test/resources/features/graph.feature:5)
]]>
    </failure>
  </testcase> <!-- runScenario -->
  <testcase classname="io.cucumber.testng.AbstractTestNGCucumberTests" name="runScenario" time="6.264">
    <failure type="io.cucumber.testng.UndefinedStepException" message="The step &amp;apos;User is on &amp;quot;Graph&amp;quot; page&amp;apos; and 2 other step(s) are undefined.
You can implement these steps using the snippet(s) below:

@Given(&amp;quot;User is on {string} page&amp;quot;)
public void user_is_on_page(String string) {
    // Write code here that turns the phrase above into concrete actions
    throw new io.cucumber.java.PendingException();
}
@When(&amp;quot;User clicks {string} link on the Graph page&amp;quot;)
public void user_clicks_link_on_the_graph_page(String string) {
    // Write code here that turns the phrase above into concrete actions
    throw new io.cucumber.java.PendingException();
}
@Then(&amp;quot;User should see {string} button for the respective Graph page&amp;quot;)
public void user_should_see_button_for_the_respective_graph_page(String string) {
    // Write code here that turns the phrase above into concrete actions
    throw new io.cucumber.java.PendingException();
}
">
      <![CDATA[io.cucumber.testng.UndefinedStepException: The step 'User is on "Graph" page' and 2 other step(s) are undefined.
You can implement these steps using the snippet(s) below:

@Given("User is on {string} page")
public void user_is_on_page(String string) {
    // Write code here that turns the phrase above into concrete actions
    throw new io.cucumber.java.PendingException();
}
@When("User clicks {string} link on the Graph page")
public void user_clicks_link_on_the_graph_page(String string) {
    // Write code here that turns the phrase above into concrete actions
    throw new io.cucumber.java.PendingException();
}
@Then("User should see {string} button for the respective Graph page")
public void user_should_see_button_for_the_respective_graph_page(String string) {
    // Write code here that turns the phrase above into concrete actions
    throw new io.cucumber.java.PendingException();
}

at ✽.User is on "Graph" page(file:///C:/Users/praka/Documents/vishakha_git/DsAlgo231_Cucumber/dsalgo231testers/src/test/resources/features/graph.feature:5)
]]>
    </failure>
  </testcase> <!-- runScenario -->
  <testcase classname="io.cucumber.testng.AbstractTestNGCucumberTests" name="runScenario" time="6.164">
    <failure type="io.cucumber.testng.UndefinedStepException" message="The step &amp;apos;User is on &amp;quot;Graph&amp;quot; page&amp;apos; and 2 other step(s) are undefined.
You can implement these steps using the snippet(s) below:

@Given(&amp;quot;User is on {string} page&amp;quot;)
public void user_is_on_page(String string) {
    // Write code here that turns the phrase above into concrete actions
    throw new io.cucumber.java.PendingException();
}
@When(&amp;quot;User clicks {string} link on the Graph page&amp;quot;)
public void user_clicks_link_on_the_graph_page(String string) {
    // Write code here that turns the phrase above into concrete actions
    throw new io.cucumber.java.PendingException();
}
@Then(&amp;quot;User should see {string} button for the respective Graph page&amp;quot;)
public void user_should_see_button_for_the_respective_graph_page(String string) {
    // Write code here that turns the phrase above into concrete actions
    throw new io.cucumber.java.PendingException();
}
">
      <![CDATA[io.cucumber.testng.UndefinedStepException: The step 'User is on "Graph" page' and 2 other step(s) are undefined.
You can implement these steps using the snippet(s) below:

@Given("User is on {string} page")
public void user_is_on_page(String string) {
    // Write code here that turns the phrase above into concrete actions
    throw new io.cucumber.java.PendingException();
}
@When("User clicks {string} link on the Graph page")
public void user_clicks_link_on_the_graph_page(String string) {
    // Write code here that turns the phrase above into concrete actions
    throw new io.cucumber.java.PendingException();
}
@Then("User should see {string} button for the respective Graph page")
public void user_should_see_button_for_the_respective_graph_page(String string) {
    // Write code here that turns the phrase above into concrete actions
    throw new io.cucumber.java.PendingException();
}

at ✽.User is on "Graph" page(file:///C:/Users/praka/Documents/vishakha_git/DsAlgo231_Cucumber/dsalgo231testers/src/test/resources/features/graph.feature:5)
]]>
    </failure>
  </testcase> <!-- runScenario -->
  <testcase classname="io.cucumber.testng.AbstractTestNGCucumberTests" name="runScenario" time="6.161">
    <failure type="io.cucumber.testng.UndefinedStepException" message="The step &amp;apos;User is on &amp;quot;Graph&amp;quot; page&amp;apos; and 2 other step(s) are undefined.
You can implement these steps using the snippet(s) below:

@Given(&amp;quot;User is on {string} page&amp;quot;)
public void user_is_on_page(String string) {
    // Write code here that turns the phrase above into concrete actions
    throw new io.cucumber.java.PendingException();
}
@When(&amp;quot;User clicks {string} link on the Graph page&amp;quot;)
public void user_clicks_link_on_the_graph_page(String string) {
    // Write code here that turns the phrase above into concrete actions
    throw new io.cucumber.java.PendingException();
}
@Then(&amp;quot;User should be redirected to {string} page containing {string}&amp;quot;)
public void user_should_be_redirected_to_page_containing(String string, String string2) {
    // Write code here that turns the phrase above into concrete actions
    throw new io.cucumber.java.PendingException();
}
">
      <![CDATA[io.cucumber.testng.UndefinedStepException: The step 'User is on "Graph" page' and 2 other step(s) are undefined.
You can implement these steps using the snippet(s) below:

@Given("User is on {string} page")
public void user_is_on_page(String string) {
    // Write code here that turns the phrase above into concrete actions
    throw new io.cucumber.java.PendingException();
}
@When("User clicks {string} link on the Graph page")
public void user_clicks_link_on_the_graph_page(String string) {
    // Write code here that turns the phrase above into concrete actions
    throw new io.cucumber.java.PendingException();
}
@Then("User should be redirected to {string} page containing {string}")
public void user_should_be_redirected_to_page_containing(String string, String string2) {
    // Write code here that turns the phrase above into concrete actions
    throw new io.cucumber.java.PendingException();
}

at ✽.User is on "Graph" page(file:///C:/Users/praka/Documents/vishakha_git/DsAlgo231_Cucumber/dsalgo231testers/src/test/resources/features/graph.feature:5)
]]>
    </failure>
  </testcase> <!-- runScenario -->
  <testcase classname="io.cucumber.testng.AbstractTestNGCucumberTests" name="runScenario" time="6.248">
    <failure type="io.cucumber.testng.UndefinedStepException" message="The step &amp;apos;User is on &amp;quot;Graph&amp;quot; page&amp;apos; and 2 other step(s) are undefined.
You can implement these steps using the snippet(s) below:

@Given(&amp;quot;User is on {string} page&amp;quot;)
public void user_is_on_page(String string) {
    // Write code here that turns the phrase above into concrete actions
    throw new io.cucumber.java.PendingException();
}
@When(&amp;quot;User clicks {string} link on the Graph page&amp;quot;)
public void user_clicks_link_on_the_graph_page(String string) {
    // Write code here that turns the phrase above into concrete actions
    throw new io.cucumber.java.PendingException();
}
@Then(&amp;quot;User should be redirected to {string} page containing {string}&amp;quot;)
public void user_should_be_redirected_to_page_containing(String string, String string2) {
    // Write code here that turns the phrase above into concrete actions
    throw new io.cucumber.java.PendingException();
}
">
      <![CDATA[io.cucumber.testng.UndefinedStepException: The step 'User is on "Graph" page' and 2 other step(s) are undefined.
You can implement these steps using the snippet(s) below:

@Given("User is on {string} page")
public void user_is_on_page(String string) {
    // Write code here that turns the phrase above into concrete actions
    throw new io.cucumber.java.PendingException();
}
@When("User clicks {string} link on the Graph page")
public void user_clicks_link_on_the_graph_page(String string) {
    // Write code here that turns the phrase above into concrete actions
    throw new io.cucumber.java.PendingException();
}
@Then("User should be redirected to {string} page containing {string}")
public void user_should_be_redirected_to_page_containing(String string, String string2) {
    // Write code here that turns the phrase above into concrete actions
    throw new io.cucumber.java.PendingException();
}

at ✽.User is on "Graph" page(file:///C:/Users/praka/Documents/vishakha_git/DsAlgo231_Cucumber/dsalgo231testers/src/test/resources/features/graph.feature:5)
]]>
    </failure>
  </testcase> <!-- runScenario -->
</testsuite> <!-- Default test -->
