<?xml version="1.0" encoding="UTF-8"?>
<!-- Generated by org.testng.reporters.JUnitReportReporter -->
<testsuite hostname="LAPTOP-L9QDHUS2" failures="0" tests="10" name="testRunner.runner" time="63.104" errors="10" timestamp="2025-12-21T19:42:14 EST" skipped="0">
  <testcase classname="testRunner.runner" name="runScenario" time="6.279">
    <error message="The step &#039;User is on &quot;Graph&quot; page&#039; and 1 other step(s) are undefined.
You can implement these steps using the snippet(s) below:

@Given(&quot;User is on {string} page&quot;)
public void user_is_on_page(String string) {
    // Write code here that turns the phrase above into concrete actions
    throw new io.cucumber.java.PendingException();
}
@Then(&quot;User should see {string} link of Graph page&quot;)
public void user_should_see_link_of_graph_page(String string) {
    // Write code here that turns the phrase above into concrete actions
    throw new io.cucumber.java.PendingException();
}
" type="io.cucumber.testng.UndefinedStepException">
      <![CDATA[io.cucumber.testng.UndefinedStepException: The step 'User is on "Graph" page' and 1 other step(s) are undefined.
You can implement these steps using the snippet(s) below:

@Given("User is on {string} page")
public void user_is_on_page(String string) {
    // Write code here that turns the phrase above into concrete actions
    throw new io.cucumber.java.PendingException();
}
@Then("User should see {string} link of Graph page")
public void user_should_see_link_of_graph_page(String string) {
    // Write code here that turns the phrase above into concrete actions
    throw new io.cucumber.java.PendingException();
}

at ✽.User is on "Graph" page(file:///C:/Users/praka/Documents/vishakha_git/DsAlgo231_Cucumber/dsalgo231testers/src/test/resources/features/graph.feature:5)
]]>
    </error>
  </testcase> <!-- runScenario -->
  <testcase classname="testRunner.runner" name="runScenario" time="6.285">
    <error message="The step &#039;User is on &quot;Graph&quot; page&#039; and 2 other step(s) are undefined.
You can implement these steps using the snippet(s) below:

@Given(&quot;User is on {string} page&quot;)
public void user_is_on_page(String string) {
    // Write code here that turns the phrase above into concrete actions
    throw new io.cucumber.java.PendingException();
}
@When(&quot;User  clicks the {string} in Graph page&quot;)
public void user_clicks_the_in_graph_page(String string) {
    // Write code here that turns the phrase above into concrete actions
    throw new io.cucumber.java.PendingException();
}
@Then(&quot;User should see {string} header of the respective Graph page&quot;)
public void user_should_see_header_of_the_respective_graph_page(String string) {
    // Write code here that turns the phrase above into concrete actions
    throw new io.cucumber.java.PendingException();
}
" type="io.cucumber.testng.UndefinedStepException">
      <![CDATA[io.cucumber.testng.UndefinedStepException: The step 'User is on "Graph" page' and 2 other step(s) are undefined.
You can implement these steps using the snippet(s) below:

@Given("User is on {string} page")
public void user_is_on_page(String string) {
    // Write code here that turns the phrase above into concrete actions
    throw new io.cucumber.java.PendingException();
}
@When("User  clicks the {string} in Graph page")
public void user_clicks_the_in_graph_page(String string) {
    // Write code here that turns the phrase above into concrete actions
    throw new io.cucumber.java.PendingException();
}
@Then("User should see {string} header of the respective Graph page")
public void user_should_see_header_of_the_respective_graph_page(String string) {
    // Write code here that turns the phrase above into concrete actions
    throw new io.cucumber.java.PendingException();
}

at ✽.User is on "Graph" page(file:///C:/Users/praka/Documents/vishakha_git/DsAlgo231_Cucumber/dsalgo231testers/src/test/resources/features/graph.feature:5)
]]>
    </error>
  </testcase> <!-- runScenario -->
  <testcase classname="testRunner.runner" name="runScenario" time="6.248">
    <error message="The step &#039;User is on &quot;Graph&quot; page&#039; and 2 other step(s) are undefined.
You can implement these steps using the snippet(s) below:

@Given(&quot;User is on {string} page&quot;)
public void user_is_on_page(String string) {
    // Write code here that turns the phrase above into concrete actions
    throw new io.cucumber.java.PendingException();
}
@When(&quot;User clicks {string} link on the Graph page&quot;)
public void user_clicks_link_on_the_graph_page(String string) {
    // Write code here that turns the phrase above into concrete actions
    throw new io.cucumber.java.PendingException();
}
@Then(&quot;User should be redirected to {string} page containing {string}&quot;)
public void user_should_be_redirected_to_page_containing(String string, String string2) {
    // Write code here that turns the phrase above into concrete actions
    throw new io.cucumber.java.PendingException();
}
" type="io.cucumber.testng.UndefinedStepException">
      <![CDATA[io.cucumber.testng.UndefinedStepException: The step 'User is on "Graph" page' and 2 other step(s) are undefined.
You can implement these steps using the snippet(s) below:

@Given("User is on {string} page")
public void user_is_on_page(String string) {
    // Write code here that turns the phrase above into concrete actions
    throw new io.cucumber.java.PendingException();
}
@When("User clicks {string} link on the Graph page")
public void user_clicks_link_on_the_graph_page(String string) {
    // Write code here that turns the phrase above into concrete actions
    throw new io.cucumber.java.PendingException();
}
@Then("User should be redirected to {string} page containing {string}")
public void user_should_be_redirected_to_page_containing(String string, String string2) {
    // Write code here that turns the phrase above into concrete actions
    throw new io.cucumber.java.PendingException();
}

at ✽.User is on "Graph" page(file:///C:/Users/praka/Documents/vishakha_git/DsAlgo231_Cucumber/dsalgo231testers/src/test/resources/features/graph.feature:5)
]]>
    </error>
  </testcase> <!-- runScenario -->
  <testcase classname="testRunner.runner" name="runScenario" time="6.243">
    <error message="The step &#039;User is on &quot;Graph&quot; page&#039; and 2 other step(s) are undefined.
You can implement these steps using the snippet(s) below:

@Given(&quot;User is on {string} page&quot;)
public void user_is_on_page(String string) {
    // Write code here that turns the phrase above into concrete actions
    throw new io.cucumber.java.PendingException();
}
@When(&quot;User  clicks the {string} in Graph page&quot;)
public void user_clicks_the_in_graph_page(String string) {
    // Write code here that turns the phrase above into concrete actions
    throw new io.cucumber.java.PendingException();
}
@Then(&quot;User should see {string} header of the respective Graph page&quot;)
public void user_should_see_header_of_the_respective_graph_page(String string) {
    // Write code here that turns the phrase above into concrete actions
    throw new io.cucumber.java.PendingException();
}
" type="io.cucumber.testng.UndefinedStepException">
      <![CDATA[io.cucumber.testng.UndefinedStepException: The step 'User is on "Graph" page' and 2 other step(s) are undefined.
You can implement these steps using the snippet(s) below:

@Given("User is on {string} page")
public void user_is_on_page(String string) {
    // Write code here that turns the phrase above into concrete actions
    throw new io.cucumber.java.PendingException();
}
@When("User  clicks the {string} in Graph page")
public void user_clicks_the_in_graph_page(String string) {
    // Write code here that turns the phrase above into concrete actions
    throw new io.cucumber.java.PendingException();
}
@Then("User should see {string} header of the respective Graph page")
public void user_should_see_header_of_the_respective_graph_page(String string) {
    // Write code here that turns the phrase above into concrete actions
    throw new io.cucumber.java.PendingException();
}

at ✽.User is on "Graph" page(file:///C:/Users/praka/Documents/vishakha_git/DsAlgo231_Cucumber/dsalgo231testers/src/test/resources/features/graph.feature:5)
]]>
    </error>
  </testcase> <!-- runScenario -->
  <testcase classname="testRunner.runner" name="runScenario" time="6.976">
    <error message="The step &#039;User is on &quot;Graph&quot; page&#039; and 1 other step(s) are undefined.
You can implement these steps using the snippet(s) below:

@Given(&quot;User is on {string} page&quot;)
public void user_is_on_page(String string) {
    // Write code here that turns the phrase above into concrete actions
    throw new io.cucumber.java.PendingException();
}
@Then(&quot;User should see {string} header for Graph page&quot;)
public void user_should_see_header_for_graph_page(String string) {
    // Write code here that turns the phrase above into concrete actions
    throw new io.cucumber.java.PendingException();
}
" type="io.cucumber.testng.UndefinedStepException">
      <![CDATA[io.cucumber.testng.UndefinedStepException: The step 'User is on "Graph" page' and 1 other step(s) are undefined.
You can implement these steps using the snippet(s) below:

@Given("User is on {string} page")
public void user_is_on_page(String string) {
    // Write code here that turns the phrase above into concrete actions
    throw new io.cucumber.java.PendingException();
}
@Then("User should see {string} header for Graph page")
public void user_should_see_header_for_graph_page(String string) {
    // Write code here that turns the phrase above into concrete actions
    throw new io.cucumber.java.PendingException();
}

at ✽.User is on "Graph" page(file:///C:/Users/praka/Documents/vishakha_git/DsAlgo231_Cucumber/dsalgo231testers/src/test/resources/features/graph.feature:5)
]]>
    </error>
  </testcase> <!-- runScenario -->
  <testcase classname="testRunner.runner" name="runScenario" time="6.260">
    <error message="The step &#039;User is on &quot;Graph&quot; page&#039; and 1 other step(s) are undefined.
You can implement these steps using the snippet(s) below:

@Given(&quot;User is on {string} page&quot;)
public void user_is_on_page(String string) {
    // Write code here that turns the phrase above into concrete actions
    throw new io.cucumber.java.PendingException();
}
@Then(&quot;User should see {string} having link for Graph page&quot;)
public void user_should_see_having_link_for_graph_page(String string) {
    // Write code here that turns the phrase above into concrete actions
    throw new io.cucumber.java.PendingException();
}
" type="io.cucumber.testng.UndefinedStepException">
      <![CDATA[io.cucumber.testng.UndefinedStepException: The step 'User is on "Graph" page' and 1 other step(s) are undefined.
You can implement these steps using the snippet(s) below:

@Given("User is on {string} page")
public void user_is_on_page(String string) {
    // Write code here that turns the phrase above into concrete actions
    throw new io.cucumber.java.PendingException();
}
@Then("User should see {string} having link for Graph page")
public void user_should_see_having_link_for_graph_page(String string) {
    // Write code here that turns the phrase above into concrete actions
    throw new io.cucumber.java.PendingException();
}

at ✽.User is on "Graph" page(file:///C:/Users/praka/Documents/vishakha_git/DsAlgo231_Cucumber/dsalgo231testers/src/test/resources/features/graph.feature:5)
]]>
    </error>
  </testcase> <!-- runScenario -->
  <testcase classname="testRunner.runner" name="runScenario" time="6.264">
    <error message="The step &#039;User is on &quot;Graph&quot; page&#039; and 2 other step(s) are undefined.
You can implement these steps using the snippet(s) below:

@Given(&quot;User is on {string} page&quot;)
public void user_is_on_page(String string) {
    // Write code here that turns the phrase above into concrete actions
    throw new io.cucumber.java.PendingException();
}
@When(&quot;User clicks {string} link on the Graph page&quot;)
public void user_clicks_link_on_the_graph_page(String string) {
    // Write code here that turns the phrase above into concrete actions
    throw new io.cucumber.java.PendingException();
}
@Then(&quot;User should see {string} button for the respective Graph page&quot;)
public void user_should_see_button_for_the_respective_graph_page(String string) {
    // Write code here that turns the phrase above into concrete actions
    throw new io.cucumber.java.PendingException();
}
" type="io.cucumber.testng.UndefinedStepException">
      <![CDATA[io.cucumber.testng.UndefinedStepException: The step 'User is on "Graph" page' and 2 other step(s) are undefined.
You can implement these steps using the snippet(s) below:

@Given("User is on {string} page")
public void user_is_on_page(String string) {
    // Write code here that turns the phrase above into concrete actions
    throw new io.cucumber.java.PendingException();
}
@When("User clicks {string} link on the Graph page")
public void user_clicks_link_on_the_graph_page(String string) {
    // Write code here that turns the phrase above into concrete actions
    throw new io.cucumber.java.PendingException();
}
@Then("User should see {string} button for the respective Graph page")
public void user_should_see_button_for_the_respective_graph_page(String string) {
    // Write code here that turns the phrase above into concrete actions
    throw new io.cucumber.java.PendingException();
}

at ✽.User is on "Graph" page(file:///C:/Users/praka/Documents/vishakha_git/DsAlgo231_Cucumber/dsalgo231testers/src/test/resources/features/graph.feature:5)
]]>
    </error>
  </testcase> <!-- runScenario -->
  <testcase classname="testRunner.runner" name="runScenario" time="6.224">
    <error message="The step &#039;User is on &quot;Graph&quot; page&#039; and 1 other step(s) are undefined.
You can implement these steps using the snippet(s) below:

@Given(&quot;User is on {string} page&quot;)
public void user_is_on_page(String string) {
    // Write code here that turns the phrase above into concrete actions
    throw new io.cucumber.java.PendingException();
}
@Then(&quot;User should see {string} link of Graph page&quot;)
public void user_should_see_link_of_graph_page(String string) {
    // Write code here that turns the phrase above into concrete actions
    throw new io.cucumber.java.PendingException();
}
" type="io.cucumber.testng.UndefinedStepException">
      <![CDATA[io.cucumber.testng.UndefinedStepException: The step 'User is on "Graph" page' and 1 other step(s) are undefined.
You can implement these steps using the snippet(s) below:

@Given("User is on {string} page")
public void user_is_on_page(String string) {
    // Write code here that turns the phrase above into concrete actions
    throw new io.cucumber.java.PendingException();
}
@Then("User should see {string} link of Graph page")
public void user_should_see_link_of_graph_page(String string) {
    // Write code here that turns the phrase above into concrete actions
    throw new io.cucumber.java.PendingException();
}

at ✽.User is on "Graph" page(file:///C:/Users/praka/Documents/vishakha_git/DsAlgo231_Cucumber/dsalgo231testers/src/test/resources/features/graph.feature:5)
]]>
    </error>
  </testcase> <!-- runScenario -->
  <testcase classname="testRunner.runner" name="runScenario" time="6.164">
    <error message="The step &#039;User is on &quot;Graph&quot; page&#039; and 2 other step(s) are undefined.
You can implement these steps using the snippet(s) below:

@Given(&quot;User is on {string} page&quot;)
public void user_is_on_page(String string) {
    // Write code here that turns the phrase above into concrete actions
    throw new io.cucumber.java.PendingException();
}
@When(&quot;User clicks {string} link on the Graph page&quot;)
public void user_clicks_link_on_the_graph_page(String string) {
    // Write code here that turns the phrase above into concrete actions
    throw new io.cucumber.java.PendingException();
}
@Then(&quot;User should see {string} button for the respective Graph page&quot;)
public void user_should_see_button_for_the_respective_graph_page(String string) {
    // Write code here that turns the phrase above into concrete actions
    throw new io.cucumber.java.PendingException();
}
" type="io.cucumber.testng.UndefinedStepException">
      <![CDATA[io.cucumber.testng.UndefinedStepException: The step 'User is on "Graph" page' and 2 other step(s) are undefined.
You can implement these steps using the snippet(s) below:

@Given("User is on {string} page")
public void user_is_on_page(String string) {
    // Write code here that turns the phrase above into concrete actions
    throw new io.cucumber.java.PendingException();
}
@When("User clicks {string} link on the Graph page")
public void user_clicks_link_on_the_graph_page(String string) {
    // Write code here that turns the phrase above into concrete actions
    throw new io.cucumber.java.PendingException();
}
@Then("User should see {string} button for the respective Graph page")
public void user_should_see_button_for_the_respective_graph_page(String string) {
    // Write code here that turns the phrase above into concrete actions
    throw new io.cucumber.java.PendingException();
}

at ✽.User is on "Graph" page(file:///C:/Users/praka/Documents/vishakha_git/DsAlgo231_Cucumber/dsalgo231testers/src/test/resources/features/graph.feature:5)
]]>
    </error>
  </testcase> <!-- runScenario -->
  <testcase classname="testRunner.runner" name="runScenario" time="6.161">
    <error message="The step &#039;User is on &quot;Graph&quot; page&#039; and 2 other step(s) are undefined.
You can implement these steps using the snippet(s) below:

@Given(&quot;User is on {string} page&quot;)
public void user_is_on_page(String string) {
    // Write code here that turns the phrase above into concrete actions
    throw new io.cucumber.java.PendingException();
}
@When(&quot;User clicks {string} link on the Graph page&quot;)
public void user_clicks_link_on_the_graph_page(String string) {
    // Write code here that turns the phrase above into concrete actions
    throw new io.cucumber.java.PendingException();
}
@Then(&quot;User should be redirected to {string} page containing {string}&quot;)
public void user_should_be_redirected_to_page_containing(String string, String string2) {
    // Write code here that turns the phrase above into concrete actions
    throw new io.cucumber.java.PendingException();
}
" type="io.cucumber.testng.UndefinedStepException">
      <![CDATA[io.cucumber.testng.UndefinedStepException: The step 'User is on "Graph" page' and 2 other step(s) are undefined.
You can implement these steps using the snippet(s) below:

@Given("User is on {string} page")
public void user_is_on_page(String string) {
    // Write code here that turns the phrase above into concrete actions
    throw new io.cucumber.java.PendingException();
}
@When("User clicks {string} link on the Graph page")
public void user_clicks_link_on_the_graph_page(String string) {
    // Write code here that turns the phrase above into concrete actions
    throw new io.cucumber.java.PendingException();
}
@Then("User should be redirected to {string} page containing {string}")
public void user_should_be_redirected_to_page_containing(String string, String string2) {
    // Write code here that turns the phrase above into concrete actions
    throw new io.cucumber.java.PendingException();
}

at ✽.User is on "Graph" page(file:///C:/Users/praka/Documents/vishakha_git/DsAlgo231_Cucumber/dsalgo231testers/src/test/resources/features/graph.feature:5)
]]>
    </error>
  </testcase> <!-- runScenario -->
</testsuite> <!-- testRunner.runner -->
